2023-06-20 07:36:09,808 info.py INFO : Got the PowerFlex system connection object instance
2023-06-20 07:36:09,808 info.py INFO : The check_mode flag False
2023-06-20 07:36:09,808 info.py INFO : Getting API details 
2023-06-20 07:36:09,808 info.py INFO : Getting array details 
2023-06-20 07:36:10,834 info.py INFO : Getting volumes list 
2023-06-20 07:36:12,279 info.py INFO : Successfully listed.
2023-06-22 04:52:54,192 info.py INFO : Got the PowerFlex system connection object instance
2023-06-22 04:52:54,192 info.py INFO : The check_mode flag False
2023-06-22 04:52:54,192 info.py INFO : Getting API details 
2023-06-22 04:52:54,193 info.py INFO : Getting array details 
2023-06-22 04:52:54,859 info.py INFO : Getting SDC list 
2023-06-22 04:52:55,487 info.py INFO : Successfully listed.
2023-06-22 04:52:55,487 info.py INFO : Getting SDS list 
2023-06-22 04:52:56,073 info.py INFO : Successfully listed.
2023-06-22 04:52:56,074 info.py INFO : Getting protection domain list 
2023-06-22 04:52:56,654 info.py INFO : Successfully listed.
2023-06-22 04:52:56,655 info.py INFO : Getting storage pool list 
2023-06-22 04:52:58,076 info.py INFO : Successfully listed.
2023-06-22 04:52:58,077 info.py INFO : Getting volumes list 
2023-06-22 04:52:59,439 info.py INFO : Successfully listed.
2023-06-22 04:52:59,439 info.py INFO : Getting snapshot schedules list 
2023-06-22 04:53:00,024 info.py INFO : Successfully listed.
2023-06-22 04:53:00,024 info.py INFO : Getting device list 
2023-06-22 04:53:00,598 info.py INFO : Successfully listed.
2023-06-22 04:53:00,599 info.py INFO : Getting replication consistency group list 
2023-06-22 04:53:01,178 info.py INFO : Getting replication pair list 
2023-06-22 05:24:59,674 info.py INFO : Got the PowerFlex system connection object instance
2023-06-22 05:24:59,674 info.py INFO : The check_mode flag False
2023-06-22 05:24:59,674 info.py INFO : Getting API details 
2023-06-22 05:24:59,674 info.py INFO : Getting array details 
2023-06-22 05:25:00,367 info.py INFO : Getting SDC list 
2023-06-22 05:25:01,025 info.py INFO : Successfully listed.
2023-06-22 05:25:01,025 info.py INFO : Getting SDS list 
2023-06-22 05:25:01,627 info.py INFO : Successfully listed.
2023-06-22 05:25:01,627 info.py INFO : Getting protection domain list 
2023-06-22 05:25:02,228 info.py INFO : Successfully listed.
2023-06-22 05:25:02,229 info.py INFO : Getting storage pool list 
2023-06-22 05:25:03,684 info.py INFO : Successfully listed.
2023-06-22 05:25:03,685 info.py INFO : Getting volumes list 
2023-06-22 05:25:05,104 info.py INFO : Successfully listed.
2023-06-22 05:25:05,105 info.py INFO : Getting snapshot schedules list 
2023-06-22 05:25:05,694 info.py INFO : Successfully listed.
2023-06-22 05:25:05,695 info.py INFO : Getting device list 
2023-06-22 05:25:06,275 info.py INFO : Successfully listed.
2023-06-22 05:25:06,275 info.py INFO : Getting replication consistency group list 
2023-06-22 05:25:06,866 info.py INFO : Getting replication pair list 
2023-06-22 05:25:39,046 info.py INFO : Got the PowerFlex system connection object instance
2023-06-22 05:25:39,046 info.py INFO : The check_mode flag False
2023-06-22 05:25:39,046 info.py INFO : filters: {'name': 'ansible_test'}
2023-06-22 05:25:39,047 info.py INFO : Getting API details 
2023-06-22 05:25:39,047 info.py INFO : Getting array details 
2023-06-22 05:25:39,699 info.py INFO : Getting volumes list 
2023-06-22 05:27:34,746 info.py INFO : Got the PowerFlex system connection object instance
2023-06-22 05:27:34,746 info.py INFO : The check_mode flag False
2023-06-22 05:27:34,746 info.py INFO : Getting API details 
2023-06-22 05:27:34,747 info.py INFO : Getting array details 
2023-06-22 05:27:35,412 info.py INFO : Getting SDC list 
2023-06-22 05:27:36,043 info.py INFO : Successfully listed.
2023-06-22 05:27:36,044 info.py INFO : Getting SDS list 
2023-06-22 05:27:36,645 info.py INFO : Successfully listed.
2023-06-22 05:27:36,646 info.py INFO : Getting protection domain list 
2023-06-22 05:27:37,241 info.py INFO : Successfully listed.
2023-06-22 05:27:37,241 info.py INFO : Getting storage pool list 
2023-06-22 05:27:38,680 info.py INFO : Successfully listed.
2023-06-22 05:27:38,681 info.py INFO : Getting volumes list 
2023-06-22 05:27:40,074 info.py INFO : Successfully listed.
2023-06-22 05:27:40,075 info.py INFO : Getting snapshot schedules list 
2023-06-22 05:27:40,664 info.py INFO : Successfully listed.
2023-06-22 05:27:40,664 info.py INFO : Getting device list 
2023-06-22 05:27:41,286 info.py INFO : Successfully listed.
2023-06-22 05:27:41,287 info.py INFO : Getting replication consistency group list 
2023-06-22 05:27:41,886 info.py INFO : Getting replication pair list 
2023-06-22 05:28:29,006 info.py INFO : Got the PowerFlex system connection object instance
2023-06-22 05:28:29,007 info.py INFO : The check_mode flag False
2023-06-22 05:28:29,008 info.py INFO : filters: {'name': 'ansible_test'}
2023-06-22 05:28:29,008 info.py INFO : Getting API details 
2023-06-22 05:28:29,009 info.py INFO : Getting array details 
2023-06-22 05:28:29,661 info.py INFO : Getting volumes list 
2023-06-22 09:27:22,562 info.py INFO : Got the PowerFlex system connection object instance
2023-06-22 09:27:22,562 info.py INFO : The check_mode flag False
2023-06-22 09:27:22,562 info.py INFO : Getting API details 
2023-06-22 09:27:22,562 info.py INFO : Getting array details 
2023-06-22 09:27:23,277 info.py INFO : Getting SDC list 
2023-06-22 09:27:23,907 info.py INFO : Successfully listed.
2023-06-22 09:27:23,908 info.py INFO : Getting SDS list 
2023-06-22 09:27:24,524 info.py INFO : Successfully listed.
2023-06-22 09:27:24,525 info.py INFO : Getting protection domain list 
2023-06-22 09:27:25,243 info.py INFO : Successfully listed.
2023-06-22 09:27:25,243 info.py INFO : Getting storage pool list 
2023-06-22 09:27:26,758 info.py INFO : Successfully listed.
2023-06-22 09:27:26,758 info.py INFO : Getting volumes list 
2023-06-22 09:27:28,135 info.py INFO : Successfully listed.
2023-06-22 09:27:28,136 info.py INFO : Getting snapshot policies list 
2023-06-22 09:27:29,314 info.py INFO : Successfully listed.
2023-06-22 09:27:29,315 info.py INFO : Getting device list 
2023-06-22 09:27:29,915 info.py INFO : Successfully listed.
2023-06-22 09:27:29,916 info.py INFO : Getting replication consistency group list 
2023-06-22 09:27:30,511 info.py INFO : Getting replication pair list 
